<?xml version="1.0" encoding="utf-8"?><testsuites name="pytest tests"><testsuite name="pytest" errors="0" failures="0" skipped="0" tests="6" time="1.846" timestamp="2026-07-03T06:04:23.654383+00:00" hostname="agent-env-c620cd5c-372a-4443-a6d9-8737b28bedb9"><testcase classname="backend.tests.test_iter4_fixes" name="test_logo_accessible" time="0.213" /><testcase classname="backend.tests.test_iter4_fixes" name="test_index_no_emergent_badge" time="0.140" /><testcase classname="backend.tests.test_iter4_fixes" name="test_categories_list" time="0.134" /><testcase classname="backend.tests.test_iter4_fixes" name="test_shop_products_list" time="0.209" /><testcase classname="backend.tests.test_iter4_fixes" name="test_admin_create_product_backfills_category_id" time="0.696" /><testcase classname="backend.tests.test_iter4_fixes" name="test_admin_create_product_with_category_id" time="0.387" /></testsuite></testsuites>