<?xml version="1.0" encoding="utf-8"?><testsuites name="pytest tests"><testsuite name="pytest" errors="0" failures="2" skipped="0" tests="19" time="20.856" timestamp="2026-06-22T18:03:31.485892+00:00" hostname="agent-env-c620cd5c-372a-4443-a6d9-8737b28bedb9"><testcase classname="backend.tests.test_admin_upgrades.TestAdminUpload" name="test_upload_png" time="1.172" /><testcase classname="backend.tests.test_admin_upgrades.TestAdminUpload" name="test_upload_rejects_bad_ext" time="0.111" /><testcase classname="backend.tests.test_admin_upgrades.TestAdminUpload" name="test_upload_requires_admin" time="0.150" /><testcase classname="backend.tests.test_admin_upgrades.TestAutoSkuAndProduct" name="test_auto_sku_format" time="0.114" /><testcase classname="backend.tests.test_admin_upgrades.TestAutoSkuAndProduct" name="test_visible_in_public_list" time="0.112" /><testcase classname="backend.tests.test_admin_upgrades.TestVisibilityToggle" name="test_toggle_hides_then_shows" time="0.808"><failure message="AssertionError: Hidden product still publicly visible (got 200)&#10;assert 200 == 404&#10; +  where 200 = &lt;Response [200]&gt;.status_code">backend/tests/test_admin_upgrades.py:138: in test_toggle_hides_then_shows
    assert g.status_code == 404, f"Hidden product still publicly visible (got {g.status_code})"
E   AssertionError: Hidden product still publicly visible (got 200)
E   assert 200 == 404
E    +  where 200 = &lt;Response [200]&gt;.status_code</failure></testcase><testcase classname="backend.tests.test_admin_upgrades.TestVisibilityToggle" name="test_toggle_requires_admin" time="0.164" /><testcase classname="backend.tests.test_admin_upgrades.TestAdminProductSearch" name="test_search_by_brand" time="0.117" /><testcase classname="backend.tests.test_admin_upgrades.TestAdminProductSearch" name="test_search_by_compatible_model" time="0.138" /><testcase classname="backend.tests.test_admin_upgrades.TestAdminProductSearch" name="test_search_by_sku" time="0.156" /><testcase classname="backend.tests.test_admin_upgrades.TestAdminProductSearch" name="test_filter_status_draft" time="0.327" /><testcase classname="backend.tests.test_admin_upgrades.TestAdminProductSearch" name="test_filter_stock_low" time="0.104" /><testcase classname="backend.tests.test_admin_upgrades.TestImportFromUrl" name="test_invalid_url" time="0.105" /><testcase classname="backend.tests.test_admin_upgrades.TestImportFromUrl" name="test_extract_returns_shape" time="0.217"><failure message="AssertionError: Missing key name_en in fetched preview&#10;assert 'name_en' in {'name': 'Example Domain', 'description': '', 'price': None, 'mrp': None, ...}">backend/tests/test_admin_upgrades.py:224: in test_extract_returns_shape
    assert k in d, f"Missing key {k} in fetched preview"
E   AssertionError: Missing key name_en in fetched preview
E   assert 'name_en' in {'name': 'Example Domain', 'description': '', 'price': None, 'mrp': None, ...}</failure></testcase><testcase classname="backend.tests.test_admin_upgrades.TestImportFromUrl" name="test_blocked_site_graceful" time="15.927" /><testcase classname="backend.tests.test_admin_upgrades.TestMOQ" name="test_order_below_moq_rejected" time="0.551" /><testcase classname="backend.tests.test_admin_upgrades.TestMOQ" name="test_order_at_moq_succeeds" time="0.118" /><testcase classname="backend.tests.test_admin_upgrades.TestMOQ" name="test_free_shipping_when_qty_above_threshold" time="0.111" /><testcase classname="backend.tests.test_admin_upgrades.TestStatsLowStock" name="test_stats_includes_low_stock" time="0.235" /></testsuite></testsuites>