<?xml version="1.0" encoding="utf-8"?><testsuites name="pytest tests"><testsuite name="pytest" errors="0" failures="0" skipped="1" tests="54" time="25.569" timestamp="2026-06-22T18:04:39.232434+00:00" hostname="agent-env-c620cd5c-372a-4443-a6d9-8737b28bedb9"><testcase classname="backend.tests.backend_test.TestCatalog" name="test_categories" time="0.278" /><testcase classname="backend.tests.backend_test.TestCatalog" name="test_brands" time="0.059" /><testcase classname="backend.tests.backend_test.TestCatalog" name="test_settings" time="0.059" /><testcase classname="backend.tests.backend_test.TestCatalog" name="test_blog_list" time="0.057" /><testcase classname="backend.tests.backend_test.TestCatalog" name="test_blog_detail" time="0.119" /><testcase classname="backend.tests.backend_test.TestCatalog" name="test_products_list_with_pagination" time="0.056" /><testcase classname="backend.tests.backend_test.TestCatalog" name="test_products_filter_category" time="0.111" /><testcase classname="backend.tests.backend_test.TestCatalog" name="test_products_search_q" time="0.058" /><testcase classname="backend.tests.backend_test.TestCatalog" name="test_products_sort_price_asc" time="0.056" /><testcase classname="backend.tests.backend_test.TestCatalog" name="test_product_detail_with_related" time="0.115" /><testcase classname="backend.tests.backend_test.TestCatalog" name="test_product_not_found" time="0.054" /><testcase classname="backend.tests.backend_test.TestShipping" name="test_valid_pincode" time="0.156" /><testcase classname="backend.tests.backend_test.TestShipping" name="test_invalid_pincode_format" time="0.048" /><testcase classname="backend.tests.backend_test.TestShipping" name="test_invalid_pincode_short" time="0.051" /><testcase classname="backend.tests.backend_test.TestShipping" name="test_free_shipping_threshold" time="0.052" /><testcase classname="backend.tests.backend_test.TestAuth" name="test_admin_login" time="0.291" /><testcase classname="backend.tests.backend_test.TestAuth" name="test_login_invalid" time="0.287" /><testcase classname="backend.tests.backend_test.TestAuth" name="test_me_with_token" time="0.343" /><testcase classname="backend.tests.backend_test.TestAuth" name="test_me_without_token" time="0.105" /><testcase classname="backend.tests.backend_test.TestAuth" name="test_duplicate_register" time="0.052" /><testcase classname="backend.tests.backend_test.TestOrders" name="test_create_order_cod" time="0.160" /><testcase classname="backend.tests.backend_test.TestOrders" name="test_list_my_orders" time="0.116" /><testcase classname="backend.tests.backend_test.TestOrders" name="test_order_detail" time="0.120" /><testcase classname="backend.tests.backend_test.TestOrders" name="test_order_invoice_gst_breakdown" time="0.102" /><testcase classname="backend.tests.backend_test.TestOrders" name="test_order_requires_auth" time="0.104" /><testcase classname="backend.tests.backend_test.TestAdmin" name="test_stats" time="0.378" /><testcase classname="backend.tests.backend_test.TestAdmin" name="test_admin_products_list" time="0.102" /><testcase classname="backend.tests.backend_test.TestAdmin" name="test_admin_product_crud" time="0.543" /><testcase classname="backend.tests.backend_test.TestAdmin" name="test_csv_template_download" time="0.093" /><testcase classname="backend.tests.backend_test.TestAdmin" name="test_csv_import" time="0.118" /><testcase classname="backend.tests.backend_test.TestAdmin" name="test_admin_orders_list_and_status" time="0.221" /><testcase classname="backend.tests.backend_test.TestAdmin" name="test_admin_pincode_crud" time="0.317" /><testcase classname="backend.tests.backend_test.TestAdmin" name="test_admin_category_brand_blog_settings" time="0.763" /><testcase classname="backend.tests.backend_test.TestAdmin" name="test_admin_rejects_customer_token" time="0.111" /><testcase classname="backend.tests.backend_test.TestAdmin" name="test_admin_rejects_no_token" time="0.117" /><testcase classname="backend.tests.test_admin_upgrades.TestAdminUpload" name="test_upload_png" time="0.835" /><testcase classname="backend.tests.test_admin_upgrades.TestAdminUpload" name="test_upload_rejects_bad_ext" time="0.104" /><testcase classname="backend.tests.test_admin_upgrades.TestAdminUpload" name="test_upload_requires_admin" time="0.100" /><testcase classname="backend.tests.test_admin_upgrades.TestAutoSkuAndProduct" name="test_auto_sku_format" time="0.124" /><testcase classname="backend.tests.test_admin_upgrades.TestAutoSkuAndProduct" name="test_visible_in_public_list" time="0.104" /><testcase classname="backend.tests.test_admin_upgrades.TestVisibilityToggle" name="test_toggle_hides_then_shows" time="0.307"><skipped type="pytest.xfail" message="BUG: /api/products/{slug} returns hidden (draft) product (no publish_status filter)" /></testcase><testcase classname="backend.tests.test_admin_upgrades.TestVisibilityToggle" name="test_toggle_requires_admin" time="0.103" /><testcase classname="backend.tests.test_admin_upgrades.TestAdminProductSearch" name="test_search_by_brand" time="0.115" /><testcase classname="backend.tests.test_admin_upgrades.TestAdminProductSearch" name="test_search_by_compatible_model" time="0.099" /><testcase classname="backend.tests.test_admin_upgrades.TestAdminProductSearch" name="test_search_by_sku" time="0.107" /><testcase classname="backend.tests.test_admin_upgrades.TestAdminProductSearch" name="test_filter_status_draft" time="0.322" /><testcase classname="backend.tests.test_admin_upgrades.TestAdminProductSearch" name="test_filter_stock_low" time="0.118" /><testcase classname="backend.tests.test_admin_upgrades.TestImportFromUrl" name="test_invalid_url" time="0.167" /><testcase classname="backend.tests.test_admin_upgrades.TestImportFromUrl" name="test_extract_returns_shape" time="0.207" /><testcase classname="backend.tests.test_admin_upgrades.TestImportFromUrl" name="test_blocked_site_graceful" time="15.907" /><testcase classname="backend.tests.test_admin_upgrades.TestMOQ" name="test_order_below_moq_rejected" time="0.449" /><testcase classname="backend.tests.test_admin_upgrades.TestMOQ" name="test_order_at_moq_succeeds" time="0.105" /><testcase classname="backend.tests.test_admin_upgrades.TestMOQ" name="test_free_shipping_when_qty_above_threshold" time="0.148" /><testcase classname="backend.tests.test_admin_upgrades.TestStatsLowStock" name="test_stats_includes_low_stock" time="0.239" /></testsuite></testsuites>