<?xml version="1.0" encoding="utf-8"?><testsuites name="pytest tests"><testsuite name="pytest" errors="0" failures="0" skipped="0" tests="35" time="5.444" timestamp="2026-06-21T18:57:46.059290+00:00" hostname="agent-env-c620cd5c-372a-4443-a6d9-8737b28bedb9"><testcase classname="backend.tests.backend_test.TestCatalog" name="test_categories" time="0.277" /><testcase classname="backend.tests.backend_test.TestCatalog" name="test_brands" time="0.046" /><testcase classname="backend.tests.backend_test.TestCatalog" name="test_settings" time="0.044" /><testcase classname="backend.tests.backend_test.TestCatalog" name="test_blog_list" time="0.045" /><testcase classname="backend.tests.backend_test.TestCatalog" name="test_blog_detail" time="0.088" /><testcase classname="backend.tests.backend_test.TestCatalog" name="test_products_list_with_pagination" time="0.045" /><testcase classname="backend.tests.backend_test.TestCatalog" name="test_products_filter_category" time="0.092" /><testcase classname="backend.tests.backend_test.TestCatalog" name="test_products_search_q" time="0.045" /><testcase classname="backend.tests.backend_test.TestCatalog" name="test_products_sort_price_asc" time="0.044" /><testcase classname="backend.tests.backend_test.TestCatalog" name="test_product_detail_with_related" time="0.094" /><testcase classname="backend.tests.backend_test.TestCatalog" name="test_product_not_found" time="0.049" /><testcase classname="backend.tests.backend_test.TestShipping" name="test_valid_pincode" time="0.047" /><testcase classname="backend.tests.backend_test.TestShipping" name="test_invalid_pincode_format" time="0.043" /><testcase classname="backend.tests.backend_test.TestShipping" name="test_invalid_pincode_short" time="0.082" /><testcase classname="backend.tests.backend_test.TestShipping" name="test_free_shipping_threshold" time="0.043" /><testcase classname="backend.tests.backend_test.TestAuth" name="test_admin_login" time="0.268" /><testcase classname="backend.tests.backend_test.TestAuth" name="test_login_invalid" time="0.270" /><testcase classname="backend.tests.backend_test.TestAuth" name="test_me_with_token" time="0.319" /><testcase classname="backend.tests.backend_test.TestAuth" name="test_me_without_token" time="0.105" /><testcase classname="backend.tests.backend_test.TestAuth" name="test_duplicate_register" time="0.043" /><testcase classname="backend.tests.backend_test.TestOrders" name="test_create_order_cod" time="0.144" /><testcase classname="backend.tests.backend_test.TestOrders" name="test_list_my_orders" time="0.095" /><testcase classname="backend.tests.backend_test.TestOrders" name="test_order_detail" time="0.095" /><testcase classname="backend.tests.backend_test.TestOrders" name="test_order_invoice_gst_breakdown" time="0.099" /><testcase classname="backend.tests.backend_test.TestOrders" name="test_order_requires_auth" time="0.093" /><testcase classname="backend.tests.backend_test.TestAdmin" name="test_stats" time="0.409" /><testcase classname="backend.tests.backend_test.TestAdmin" name="test_admin_products_list" time="0.169" /><testcase classname="backend.tests.backend_test.TestAdmin" name="test_admin_product_crud" time="0.569" /><testcase classname="backend.tests.backend_test.TestAdmin" name="test_csv_template_download" time="0.098" /><testcase classname="backend.tests.backend_test.TestAdmin" name="test_csv_import" time="0.101" /><testcase classname="backend.tests.backend_test.TestAdmin" name="test_admin_orders_list_and_status" time="0.217" /><testcase classname="backend.tests.backend_test.TestAdmin" name="test_admin_pincode_crud" time="0.193" /><testcase classname="backend.tests.backend_test.TestAdmin" name="test_admin_category_brand_blog_settings" time="0.690" /><testcase classname="backend.tests.backend_test.TestAdmin" name="test_admin_rejects_customer_token" time="0.107" /><testcase classname="backend.tests.backend_test.TestAdmin" name="test_admin_rejects_no_token" time="0.106" /></testsuite></testsuites>